\BOOKMARK [1][-]{section*.2}{Abbildungsverzeichnis}{}% 1
\BOOKMARK [1][-]{section*.3}{Abk\374rzungsverzeichnis}{}% 2
\BOOKMARK [1][-]{section.1}{Einleitung}{}% 3
\BOOKMARK [2][-]{subsection.1.1}{Themenvorstellung}{section.1}% 4
\BOOKMARK [2][-]{subsection.1.2}{Zielsetzung}{section.1}% 5
\BOOKMARK [2][-]{subsection.1.3}{Aufbau}{section.1}% 6
\BOOKMARK [1][-]{section.2}{Analyse}{}% 7
\BOOKMARK [2][-]{subsection.2.1}{Konzeption}{section.2}% 8
\BOOKMARK [2][-]{subsection.2.2}{Zust\344ndigkeitsbestimmung}{section.2}% 9
\BOOKMARK [2][-]{subsection.2.3}{Teambildung}{section.2}% 10
\BOOKMARK [2][-]{subsection.2.4}{Aufgabenverteilung}{section.2}% 11
\BOOKMARK [2][-]{subsection.2.5}{Entwicklung}{section.2}% 12
\BOOKMARK [2][-]{subsection.2.6}{Qualit\344tssicherung}{section.2}% 13
\BOOKMARK [2][-]{subsection.2.7}{Abnahme}{section.2}% 14
\BOOKMARK [1][-]{section.3}{Modelle}{}% 15
\BOOKMARK [2][-]{subsection.3.1}{Agiles Modell}{section.3}% 16
\BOOKMARK [2][-]{subsection.3.2}{Anderes Modell}{section.3}% 17
\BOOKMARK [2][-]{subsection.3.3}{Noch ein anderes Modell}{section.3}% 18
\BOOKMARK [1][-]{section.4}{Vergleich}{}% 19
\BOOKMARK [1][-]{section.5}{Fazit}{}% 20
\BOOKMARK [1][-]{section*.4}{Literaturverzeichnis}{}% 21
